<?xml version="1.0" encoding="UTF-8"?>
<testsuites tests="21" failures="0" errors="0" skipped="0">
  <testsuite name="BackstopJS" tests="21" failures="0" errors="0" skipped="0">
    <testcase classname="document" name=" ›› empty"/>
    <testcase classname="document" name=" ›› empty"/>
    <testcase classname="document" name=" ›› empty"/>
    <testcase classname="document" name=" ›› paragraph"/>
    <testcase classname="document" name=" ›› paragraph"/>
    <testcase classname="document" name=" ›› paragraph"/>
    <testcase classname="document" name=" ›› theorem_proof"/>
    <testcase classname="document" name=" ›› theorem_proof"/>
    <testcase classname="document" name=" ›› theorem_proof"/>
    <testcase classname="document" name=" ›› hover_title"/>
    <testcase classname="document" name=" ›› hover_title"/>
    <testcase classname="document" name=" ›› hover_title"/>
    <testcase classname="document" name=" ›› click_title"/>
    <testcase classname="document" name=" ›› click_title"/>
    <testcase classname="document" name=" ›› click_title"/>
    <testcase classname="document" name=" ›› ref"/>
    <testcase classname="document" name=" ›› ref"/>
    <testcase classname="document" name=" ›› ref"/>
    <testcase classname="document" name=" ›› hover_ref"/>
    <testcase classname="document" name=" ›› hover_ref"/>
    <testcase classname="document" name=" ›› hover_ref"/>
  </testsuite>
</testsuites>